TN:
SF:/Users/pepemoralesquiles/proyectoNode/platziverse/platziversedb/index.js
FN:9,(anonymous_0)
FNF:1
FNH:1
FNDA:1,(anonymous_0)
DA:3,1
DA:4,1
DA:5,1
DA:6,1
DA:9,1
DA:11,1
DA:24,1
DA:25,1
DA:26,1
DA:28,1
DA:29,1
DA:33,1
DA:37,1
DA:38,0
DA:41,1
DA:42,1
DA:44,1
LF:17
LH:16
BRDA:37,0,0,0
BRDA:37,0,1,1
BRF:2
BRH:1
end_of_record
TN:
SF:/Users/pepemoralesquiles/proyectoNode/platziverse/platziversedb/lib/db.js
FN:7,setupDatabase
FNF:1
FNH:1
FNDA:3,setupDatabase
DA:3,1
DA:5,1
DA:7,1
DA:8,3
DA:9,1
DA:11,3
LF:6
LH:6
BRDA:8,0,0,1
BRDA:8,0,1,2
BRF:2
BRH:2
end_of_record
TN:
SF:/Users/pepemoralesquiles/proyectoNode/platziverse/platziversedb/models/agente.js
FN:6,setupAgentModel
FNF:1
FNH:1
FNDA:1,setupAgentModel
DA:3,1
DA:4,1
DA:6,1
DA:7,1
DA:9,1
LF:5
LH:5
BRF:0
BRH:0
end_of_record
TN:
SF:/Users/pepemoralesquiles/proyectoNode/platziverse/platziversedb/models/metricas.js
FN:6,setupMetricModel
FNF:1
FNH:1
FNDA:1,setupMetricModel
DA:3,1
DA:4,1
DA:6,1
DA:7,1
DA:9,1
LF:5
LH:5
BRF:0
BRH:0
end_of_record
TN:
SF:/Users/pepemoralesquiles/proyectoNode/platziverse/platziversedb/tests/agent-tests.js
FN:7,(anonymous_4)
FN:13,(anonymous_5)
FN:18,(anonymous_6)
FNF:3
FNH:3
FNDA:1,(anonymous_4)
FNDA:1,(anonymous_5)
FNDA:1,(anonymous_6)
DA:3,1
DA:6,1
DA:11,1
DA:13,1
DA:14,1
DA:15,1
DA:18,1
DA:19,1
LF:8
LH:8
BRF:0
BRH:0
end_of_record
